<?xml version="1.0" encoding="UTF-8"?>
<testsuite name="payQr — QR state tests" tests="3" skipped="0" failures="0" errors="0" timestamp="2026-05-09T09:26:40" hostname="MacBook-Pro-2.local" time="0.005">
  <properties/>
  <testcase name="QR-02: already-paid QR → QR_ALREADY_PAID exception" classname="com.ezwallet.module.transfer.service.TransferServiceTest$QrStateTests" time="0.002"/>
  <testcase name="QR-01: expired / missing QR → EXPIRED_QR exception" classname="com.ezwallet.module.transfer.service.TransferServiceTest$QrStateTests" time="0.001"/>
  <testcase name="QR-03: valid unpaid QR → executes transfer" classname="com.ezwallet.module.transfer.service.TransferServiceTest$QrStateTests" time="0.002"/>
  <system-out><![CDATA[]]></system-out>
  <system-err><![CDATA[]]></system-err>
</testsuite>
