<?xml version="1.0" encoding="UTF-8"?>
<testsuite name="Per-transaction BVA" tests="3" skipped="0" failures="0" errors="0" timestamp="2026-05-09T09:26:40" hostname="MacBook-Pro-2.local" time="0.002">
  <properties/>
  <testcase name="BVA-03: amount = 1 (well below limit) → accept" classname="com.ezwallet.module.topup.service.TransactionLimitServiceTest$PerTransactionBva" time="0.001"/>
  <testcase name="BVA-02: amount = perTransaction + 1 → reject" classname="com.ezwallet.module.topup.service.TransactionLimitServiceTest$PerTransactionBva" time="0.0"/>
  <testcase name="BVA-01: amount = perTransaction limit → reject" classname="com.ezwallet.module.topup.service.TransactionLimitServiceTest$PerTransactionBva" time="0.0"/>
  <system-out><![CDATA[]]></system-out>
  <system-err><![CDATA[]]></system-err>
</testsuite>
