<?xml version="1.0" encoding="UTF-8"?>
<testsuite name="p2pTransfer — State Transition: PENDING → COMPLETED / FAILED" tests="2" skipped="0" failures="0" errors="0" timestamp="2026-05-09T09:26:40" hostname="MacBook-Pro-2.local" time="0.003">
  <properties/>
  <testcase name="ST-01: PENDING → COMPLETED on success" classname="com.ezwallet.module.transfer.service.TransferServiceTest$StateTransition" time="0.001"/>
  <testcase name="ST-02: PENDING → FAILED on insufficient balance" classname="com.ezwallet.module.transfer.service.TransferServiceTest$StateTransition" time="0.002"/>
  <system-out><![CDATA[]]></system-out>
  <system-err><![CDATA[]]></system-err>
</testsuite>
