<?xml version="1.0" encoding="UTF-8"?>
<testsuite name="Daily amount BVA" tests="2" skipped="0" failures="0" errors="0" timestamp="2026-05-09T09:26:40" hostname="MacBook-Pro-2.local" time="0.002">
  <properties/>
  <testcase name="BVA-05: dailyUsed + amount &gt; perDay by 1 → reject" classname="com.ezwallet.module.topup.service.TransactionLimitServiceTest$DailyAmountBva" time="0.001"/>
  <testcase name="BVA-04: dailyUsed + amount == perDay → accept" classname="com.ezwallet.module.topup.service.TransactionLimitServiceTest$DailyAmountBva" time="0.001"/>
  <system-out><![CDATA[]]></system-out>
  <system-err><![CDATA[]]></system-err>
</testsuite>
