<?xml version="1.0" encoding="UTF-8"?>
<testsuite name="Pagination BVA" tests="4" skipped="0" failures="0" errors="0" timestamp="2026-05-09T09:26:40" hostname="MacBook-Pro-2.local" time="0.005">
  <properties/>
  <testcase name="BVA-01: page=0 size=10 → PageRequest(0, 10, DESC createdAt)" classname="com.ezwallet.module.transaction.service.TransactionServiceTest$PaginationBva" time="0.003"/>
  <testcase name="BVA-02: page=1 → PageRequest(1, 10) — correct offset skips first page" classname="com.ezwallet.module.transaction.service.TransactionServiceTest$PaginationBva" time="0.001"/>
  <testcase name="BVA-03: size &gt; 100 → clamped to 10 by constructor" classname="com.ezwallet.module.transaction.service.TransactionServiceTest$PaginationBva" time="0.0"/>
  <testcase name="BVA-04: negative page → clamped to 0 by constructor" classname="com.ezwallet.module.transaction.service.TransactionServiceTest$PaginationBva" time="0.001"/>
  <system-out><![CDATA[]]></system-out>
  <system-err><![CDATA[]]></system-err>
</testsuite>
