<?xml version="1.0" encoding="UTF-8"?>
<testsuite name="com.ezwallet.EzWalletApplicationTests" tests="1" skipped="0" failures="0" errors="0" timestamp="2026-05-09T09:26:39" hostname="MacBook-Pro-2.local" time="0.249">
  <properties/>
  <testcase name="contextLoads()" classname="com.ezwallet.EzWalletApplicationTests" time="0.249"/>
  <system-out><![CDATA[16:26:36.472 [Test worker] INFO org.springframework.test.context.support.AnnotationConfigContextLoaderUtils -- Could not detect default configuration classes for test class [com.ezwallet.EzWalletApplicationTests]: EzWalletApplicationTests does not declare any static, non-private, non-final, nested classes annotated with @Configuration.
16:26:36.515 [Test worker] INFO org.springframework.boot.test.context.SpringBootTestContextBootstrapper -- Found @SpringBootConfiguration com.ezwallet.EzWalletApplication for test class com.ezwallet.EzWalletApplicationTests

  .   ____          _            __ _ _
 /\\ / ___'_ __ _ _(_)_ __  __ _ \ \ \ \
( ( )\___ | '_ | '_| | '_ \/ _` | \ \ \ \
 \\/  ___)| |_)| | | | | || (_| |  ) ) ) )
  '  |____| .__|_| |_|_| |_\__, | / / / /
 =========|_|==============|___/=/_/_/_/
 :: Spring Boot ::                (v3.2.5)

2026-05-09T16:26:36.647+07:00  INFO 92773 --- [ezwallet] [    Test worker] com.ezwallet.EzWalletApplicationTests    : Starting EzWalletApplicationTests using Java 17.0.12 with PID 92773 (started by longtruong in /Users/longtruong/Documents/Source Code/PTIT/Ki7/EzWallet/backend)
2026-05-09T16:26:36.648+07:00  INFO 92773 --- [ezwallet] [    Test worker] com.ezwallet.EzWalletApplicationTests    : The following 1 profile is active: "test"
2026-05-09T16:26:37.597+07:00  WARN 92773 --- [ezwallet] [    Test worker] org.hibernate.orm.deprecation            : HHH90000025: H2Dialect does not need to be specified explicitly using 'hibernate.dialect' (remove the property setting and it will be selected by default)
2026-05-09T16:26:38.738+07:00  WARN 92773 --- [ezwallet] [    Test worker] JpaBaseConfiguration$JpaWebConfiguration : spring.jpa.open-in-view is enabled by default. Therefore, database queries may be performed during view rendering. Explicitly configure spring.jpa.open-in-view to disable this warning
2026-05-09T16:26:39.201+07:00  INFO 92773 --- [ezwallet] [    Test worker] com.ezwallet.EzWalletApplicationTests    : Started EzWalletApplicationTests in 2.644 seconds (process running for 3.068)
]]></system-out>
  <system-err><![CDATA[]]></system-err>
</testsuite>
