<?xml version="1.0" encoding="UTF-8"?>
<testsuite name="deposit — BVA on amount" tests="4" skipped="0" failures="0" errors="0" timestamp="2026-05-09T09:26:40" hostname="MacBook-Pro-2.local" time="0.005">
  <properties/>
  <testcase name="BVA-02: idempotency key already exists → return existing tx, no double credit" classname="com.ezwallet.module.topup.service.TopupServiceTest$DepositBva" time="0.001"/>
  <testcase name="BVA-01: amount 10000 (min boundary per Vietnam Bank standard) → accepted" classname="com.ezwallet.module.topup.service.TopupServiceTest$DepositBva" time="0.001"/>
  <testcase name="BVA-04: wallet credit fails → tx saved as FAILED" classname="com.ezwallet.module.topup.service.TopupServiceTest$DepositBva" time="0.001"/>
  <testcase name="BVA-03: new idempotency key → credit wallet once" classname="com.ezwallet.module.topup.service.TopupServiceTest$DepositBva" time="0.002"/>
  <system-out><![CDATA[]]></system-out>
  <system-err><![CDATA[]]></system-err>
</testsuite>
