<?xml version="1.0" encoding="UTF-8"?>
<testsuite name="withdraw — Decision Table on fee (tier × type)" tests="4" skipped="0" failures="0" errors="0" timestamp="2026-05-09T09:26:40" hostname="MacBook-Pro-2.local" time="0.005">
  <properties/>
  <testcase name="DT-04: OTP invalid → BusinessException OTP_INVALID propagates" classname="com.ezwallet.module.topup.service.TopupServiceTest$WithdrawFeeDecisionTable" time="0.001"/>
  <testcase name="DT-01: BRONZE tier → fee = 5000, debit = amount + 5000" classname="com.ezwallet.module.topup.service.TopupServiceTest$WithdrawFeeDecisionTable" time="0.001"/>
  <testcase name="DT-03: GOLD tier → fee = 0, debit = amount only" classname="com.ezwallet.module.topup.service.TopupServiceTest$WithdrawFeeDecisionTable" time="0.001"/>
  <testcase name="DT-02: SILVER tier → fee = 5000, debit = amount + 5000" classname="com.ezwallet.module.topup.service.TopupServiceTest$WithdrawFeeDecisionTable" time="0.001"/>
  <system-out><![CDATA[]]></system-out>
  <system-err><![CDATA[]]></system-err>
</testsuite>
