<?xml version="1.0" encoding="UTF-8"?>
<testsuite name="Pairwise: tier × amount range × bank isDefault" tests="4" skipped="0" failures="0" errors="0" timestamp="2026-05-09T09:26:40" hostname="MacBook-Pro-2.local" time="0.039">
  <properties/>
  <testcase name="P1: tier=BRONZE amount=50000 default=true expectedFee=5000" classname="com.ezwallet.module.topup.service.TopupServiceTest$PairwiseTests" time="0.034"/>
  <testcase name="P2: tier=BRONZE amount=4000000 default=false expectedFee=5000" classname="com.ezwallet.module.topup.service.TopupServiceTest$PairwiseTests" time="0.001"/>
  <testcase name="P3: tier=GOLD amount=50000 default=false expectedFee=0" classname="com.ezwallet.module.topup.service.TopupServiceTest$PairwiseTests" time="0.002"/>
  <testcase name="P4: tier=GOLD amount=4000000 default=true expectedFee=0" classname="com.ezwallet.module.topup.service.TopupServiceTest$PairwiseTests" time="0.001"/>
  <system-out><![CDATA[]]></system-out>
  <system-err><![CDATA[]]></system-err>
</testsuite>
