<?xml version="1.0" encoding="UTF-8"?>
<testsuite name="State Transition: Bill UNPAID → PAID" tests="2" skipped="0" failures="0" errors="0" timestamp="2026-05-09T09:26:39" hostname="MacBook-Pro-2.local" time="0.005">
  <properties/>
  <testcase name="ST-02: UNPAID → remains UNPAID (wallet fails, tx saved as FAILED)" classname="com.ezwallet.module.bill.service.BillServiceTest$BillStateTransition" time="0.003"/>
  <testcase name="ST-01: UNPAID → PAID after successful payment" classname="com.ezwallet.module.bill.service.BillServiceTest$BillStateTransition" time="0.001"/>
  <system-out><![CDATA[]]></system-out>
  <system-err><![CDATA[]]></system-err>
</testsuite>
