<?xml version="1.0" encoding="UTF-8"?>
<testsuite name="Daily count BVA" tests="2" skipped="0" failures="0" errors="0" timestamp="2026-05-09T09:26:40" hostname="MacBook-Pro-2.local" time="0.002">
  <properties/>
  <testcase name="BVA-06: count == dailyCountLimit - 1 → accept" classname="com.ezwallet.module.topup.service.TransactionLimitServiceTest$DailyCountBva" time="0.001"/>
  <testcase name="BVA-07: count == dailyCountLimit → reject" classname="com.ezwallet.module.topup.service.TransactionLimitServiceTest$DailyCountBva" time="0.001"/>
  <system-out><![CDATA[]]></system-out>
  <system-err><![CDATA[]]></system-err>
</testsuite>
