<?xml version="1.0" encoding="UTF-8"?>
<testsuite name="p2pTransfer — BVA on fee threshold" tests="2" skipped="0" failures="0" errors="0" timestamp="2026-05-09T09:26:40" hostname="MacBook-Pro-2.local" time="0.002">
  <properties/>
  <testcase name="BVA-01: BRONZE amount &lt; free threshold → fee=0" classname="com.ezwallet.module.transfer.service.TransferServiceTest$P2pFeeBva" time="0.001"/>
  <testcase name="BVA-02: BRONZE amount &gt; free threshold → fee=0.5% applied" classname="com.ezwallet.module.transfer.service.TransferServiceTest$P2pFeeBva" time="0.001"/>
  <system-out><![CDATA[]]></system-out>
  <system-err><![CDATA[]]></system-err>
</testsuite>
